<?xml version="1.0" encoding="UTF-8"?>
<testng-results skipped="0" failed="0" ignored="0" total="2" passed="2">
  <reporter-output>
  </reporter-output>
  <suite name="Demo" duration-ms="1821" started-at="2019-05-14T09:17:16Z" finished-at="2019-05-14T09:17:17Z">
    <groups>
    </groups>
    <test name="Demo" duration-ms="1821" started-at="2019-05-14T09:17:16Z" finished-at="2019-05-14T09:17:17Z">
      <class name="mainClass.LoginPage">
        <test-method status="PASS" signature="openBrowser()[pri:0, instance:mainClass.LoginPage@1bce4f0a]" name="openBrowser" is-config="true" duration-ms="23489" started-at="2019-05-14T09:16:52Z" finished-at="2019-05-14T09:17:16Z">
          <reporter-output>
          </reporter-output>
        </test-method> <!-- openBrowser -->
        <test-method status="PASS" signature="startReport()[pri:0, instance:mainClass.LoginPage@1bce4f0a]" name="startReport" is-config="true" duration-ms="252" started-at="2019-05-14T09:17:16Z" finished-at="2019-05-14T09:17:16Z">
          <reporter-output>
          </reporter-output>
        </test-method> <!-- startReport -->
        <test-method status="PASS" signature="testLogger(java.lang.reflect.Method)[pri:0, instance:mainClass.LoginPage@1bce4f0a]" name="testLogger" is-config="true" duration-ms="15" started-at="2019-05-14T09:17:16Z" finished-at="2019-05-14T09:17:16Z">
          <params>
            <param index="0">
              <value>
                <![CDATA[public void mainClass.LoginPage.Login() throws java.lang.InterruptedException]]>
              </value>
            </param>
          </params>
          <reporter-output>
          </reporter-output>
        </test-method> <!-- testLogger -->
        <test-method status="PASS" signature="Login()[pri:0, instance:mainClass.LoginPage@1bce4f0a]" name="Login" duration-ms="733" started-at="2019-05-14T09:17:16Z" finished-at="2019-05-14T09:17:17Z">
          <reporter-output>
          </reporter-output>
        </test-method> <!-- Login -->
        <test-method status="PASS" signature="getResult(org.testng.ITestResult)[pri:0, instance:mainClass.LoginPage@1bce4f0a]" name="getResult" is-config="true" duration-ms="5" started-at="2019-05-14T09:17:17Z" finished-at="2019-05-14T09:17:17Z">
          <params>
            <param index="0">
              <value>
                <![CDATA[[TestResult name=Login status=SUCCESS method=LoginPage.Login()[pri:0, instance:mainClass.LoginPage@1bce4f0a] output={null}]]]>
              </value>
            </param>
          </params>
          <reporter-output>
          </reporter-output>
        </test-method> <!-- getResult -->
        <test-method status="PASS" signature="LoginVerification()[pri:0, instance:mainClass.LoginPage@1bce4f0a]" name="LoginVerification" duration-ms="60" started-at="2019-05-14T09:17:17Z" finished-at="2019-05-14T09:17:17Z">
          <reporter-output>
          </reporter-output>
        </test-method> <!-- LoginVerification -->
        <test-method status="PASS" signature="testLogger(java.lang.reflect.Method)[pri:0, instance:mainClass.LoginPage@1bce4f0a]" name="testLogger" is-config="true" duration-ms="0" started-at="2019-05-14T09:17:17Z" finished-at="2019-05-14T09:17:17Z">
          <params>
            <param index="0">
              <value>
                <![CDATA[public void mainClass.LoginPage.LoginVerification() throws java.lang.InterruptedException]]>
              </value>
            </param>
          </params>
          <reporter-output>
          </reporter-output>
        </test-method> <!-- testLogger -->
        <test-method status="PASS" signature="getResult(org.testng.ITestResult)[pri:0, instance:mainClass.LoginPage@1bce4f0a]" name="getResult" is-config="true" duration-ms="0" started-at="2019-05-14T09:17:17Z" finished-at="2019-05-14T09:17:17Z">
          <params>
            <param index="0">
              <value>
                <![CDATA[[TestResult name=LoginVerification status=SUCCESS method=LoginPage.LoginVerification()[pri:0, instance:mainClass.LoginPage@1bce4f0a] output={null}]]]>
              </value>
            </param>
          </params>
          <reporter-output>
          </reporter-output>
        </test-method> <!-- getResult -->
        <test-method status="PASS" signature="endReport()[pri:0, instance:mainClass.LoginPage@1bce4f0a]" name="endReport" is-config="true" duration-ms="714" started-at="2019-05-14T09:17:17Z" finished-at="2019-05-14T09:17:17Z">
          <reporter-output>
          </reporter-output>
        </test-method> <!-- endReport -->
        <test-method status="PASS" signature="afterClass()[pri:0, instance:mainClass.LoginPage@1bce4f0a]" name="afterClass" is-config="true" duration-ms="2718" started-at="2019-05-14T09:17:18Z" finished-at="2019-05-14T09:17:20Z">
          <reporter-output>
          </reporter-output>
        </test-method> <!-- afterClass -->
      </class> <!-- mainClass.LoginPage -->
    </test> <!-- Demo -->
  </suite> <!-- Demo -->
</testng-results>
